$ python -m pytest -vv -ra


Traceback (most recent call last):
  File "<frozen runpy>", line 198, in _run_module_as_main
  File "<frozen runpy>", line 88, in _run_code
  File "/usr/local/lib/python3.11/site-packages/pytest/__main__.py", line 9, in <module>
    raise SystemExit(pytest.console_main())
                     ^^^^^^^^^^^^^^^^^^^^^
  File "/usr/local/lib/python3.11/site-packages/_pytest/config/__init__.py", line 201, in console_main
    code = main()
           ^^^^^^
  File "/usr/local/lib/python3.11/site-packages/_pytest/config/__init__.py", line 156, in main
    config = _prepareconfig(args, plugins)
             ^^^^^^^^^^^^^^^^^^^^^^^^^^^^^
  File "/usr/local/lib/python3.11/site-packages/_pytest/config/__init__.py", line 332, in _prepareconfig
    config = get_config(args, plugins)
             ^^^^^^^^^^^^^^^^^^^^^^^^^
  File "/usr/local/lib/python3.11/site-packages/_pytest/config/__init__.py", line 293, in get_config
    dir=pathlib.Path.cwd(),
        ^^^^^^^^^^^^^^^^^^
  File "/usr/local/lib/python3.11/pathlib.py", line 907, in cwd
    return cls(os.getcwd())
               ^^^^^^^^^^^
FileNotFoundError: [Errno 2] No such file or directory
